TN:
SF:src/components/Forms/Button/index.tsx
FN:10,Button
FNF:1
FNH:1
FNDA:4,Button
DA:11,4
LF:1
LH:1
BRF:0
BRH:0
end_of_record
TN:
SF:src/components/Forms/CategorySelectButton/index.tsx
FN:11,CategorySelectButton
FNF:1
FNH:1
FNDA:2,CategorySelectButton
DA:16,2
LF:1
LH:1
BRF:0
BRH:0
end_of_record
TN:
SF:src/components/Forms/Input/index.tsx
FN:10,Input
FNF:1
FNH:1
FNDA:5,Input
DA:11,5
LF:1
LH:1
BRDA:10,0,0,4
BRF:1
BRH:1
end_of_record
TN:
SF:src/components/Forms/TransactionTypeButton/index.tsx
FN:17,TransactionTypeButton
FNF:1
FNH:1
FNDA:4,TransactionTypeButton
DA:6,1
DA:23,4
LF:2
LH:2
BRF:0
BRH:0
end_of_record
TN:
SF:src/components/HighlightCard/index.tsx
FN:18,HighlightCart
FNF:1
FNH:0
FNDA:0,HighlightCart
DA:12,0
DA:24,0
LF:2
LH:0
BRF:0
BRH:0
end_of_record
TN:
SF:src/components/HistoryCard/index.tsx
FN:11,HistoryCard
FNF:1
FNH:0
FNDA:0,HistoryCard
DA:12,0
LF:1
LH:0
BRF:0
BRH:0
end_of_record
TN:
SF:src/components/InputForm/index.tsx
FN:15,InputForm
FN:20,(anonymous_1)
FNF:2
FNH:2
FNDA:4,InputForm
FNDA:4,(anonymous_1)
DA:16,4
DA:21,4
LF:2
LH:2
BRDA:26,0,0,4
BRDA:26,0,1,0
BRF:2
BRH:1
end_of_record
TN:
SF:src/components/SignInSocialButton/index.tsx
FN:12,SignInSocialButton
FNF:1
FNH:0
FNDA:0,SignInSocialButton
DA:13,0
LF:1
LH:0
BRF:0
BRH:0
end_of_record
TN:
SF:src/components/TransactionCard/index.tsx
FN:18,TransactionCard
FN:19,(anonymous_1)
FNF:2
FNH:0
FNDA:0,TransactionCard
FNDA:0,(anonymous_1)
DA:19,0
DA:21,0
LF:2
LH:0
BRDA:26,0,0,0
BRDA:26,0,1,0
BRF:2
BRH:0
end_of_record
TN:
SF:src/hooks/auth.tsx
FN:28,AuthProvider
FN:32,(anonymous_1)
FN:33,getLoggedUser
FN:46,signInWithGoogle
FN:76,signInWithApple
FN:105,signOut
FN:119,useAuth
FNF:7
FNH:5
FNDA:5,AuthProvider
FNDA:2,(anonymous_1)
FNDA:2,getLoggedUser
FNDA:2,signInWithGoogle
FNDA:0,signInWithApple
FNDA:0,signOut
FNDA:7,useAuth
DA:26,2
DA:29,5
DA:30,5
DA:32,5
DA:34,2
DA:36,2
DA:37,0
DA:40,2
DA:43,2
DA:47,2
DA:48,2
DA:56,2
DA:57,1
DA:64,1
DA:66,1
DA:72,0
DA:77,0
DA:78,0
DA:85,0
DA:86,0
DA:93,0
DA:95,0
DA:101,0
DA:106,0
DA:107,0
DA:110,5
DA:120,7
DA:122,7
LF:28
LH:17
BRDA:36,0,0,0
BRDA:36,0,1,2
BRDA:56,1,0,1
BRDA:56,1,1,1
BRDA:85,2,0,0
BRDA:85,2,1,0
BRF:6
BRH:3
end_of_record
TN:
SF:src/routes/app.routes.tsx
FN:13,AppRoutes
FN:32,(anonymous_1)
FN:46,(anonymous_2)
FN:56,(anonymous_3)
FNF:4
FNH:0
FNDA:0,AppRoutes
FNDA:0,(anonymous_1)
FNDA:0,(anonymous_2)
FNDA:0,(anonymous_3)
DA:11,0
DA:14,0
DA:16,0
DA:33,0
DA:47,0
DA:57,0
LF:6
LH:0
BRDA:23,0,0,0
BRDA:23,0,1,0
BRF:2
BRH:0
end_of_record
TN:
SF:src/routes/auth.routes.tsx
FN:9,AuthRoutes
FNF:1
FNH:0
FNDA:0,AuthRoutes
DA:7,0
DA:10,0
LF:2
LH:0
BRF:0
BRH:0
end_of_record
TN:
SF:src/routes/index.tsx
FN:10,Routes
FNF:1
FNH:0
FNDA:0,Routes
DA:11,0
DA:13,0
LF:2
LH:0
BRDA:15,0,0,0
BRDA:15,0,1,0
BRF:2
BRH:0
end_of_record
TN:
SF:src/screens/CategorySelect/index.tsx
FN:20,CategorySelect
FN:25,handleCategorySelect
FN:38,(anonymous_2)
FN:39,(anonymous_3)
FN:40,(anonymous_4)
FN:42,(anonymous_5)
FNF:6
FNH:4
FNDA:2,CategorySelect
FNDA:0,handleCategorySelect
FNDA:12,(anonymous_2)
FNDA:10,(anonymous_3)
FNDA:12,(anonymous_4)
FNDA:0,(anonymous_5)
DA:26,0
DA:29,2
DA:38,12
DA:39,10
DA:41,12
DA:42,0
LF:6
LH:4
BRF:0
BRH:0
end_of_record
TN:
SF:src/screens/Dashboard/index.tsx
FN:32,Dashboard
FN:43,getLastTransactionDate
FN:48,(anonymous_2)
FN:58,(anonymous_3)
FN:73,loadTransaction
FN:82,(anonymous_5)
FN:161,(anonymous_6)
FN:222,(anonymous_7)
FN:223,(anonymous_8)
FNF:9
FNH:0
FNDA:0,Dashboard
FNDA:0,getLastTransactionDate
FNDA:0,(anonymous_2)
FNDA:0,(anonymous_3)
FNDA:0,loadTransaction
FNDA:0,(anonymous_5)
FNDA:0,(anonymous_6)
FNDA:0,(anonymous_7)
FNDA:0,(anonymous_8)
DA:33,0
DA:34,0
DA:36,0
DA:38,0
DA:39,0
DA:47,0
DA:48,0
DA:51,0
DA:52,0
DA:55,0
DA:59,0
DA:65,0
DA:74,0
DA:75,0
DA:76,0
DA:78,0
DA:79,0
DA:81,0
DA:83,0
DA:84,0
DA:86,0
DA:89,0
DA:94,0
DA:100,0
DA:111,0
DA:113,0
DA:117,0
DA:122,0
DA:124,0
DA:125,0
DA:157,0
DA:160,0
DA:162,0
DA:166,0
DA:222,0
DA:223,0
LF:36
LH:0
BRDA:51,0,0,0
BRDA:51,0,1,0
BRDA:76,1,0,0
BRDA:76,1,1,0
BRDA:83,2,0,0
BRDA:83,2,1,0
BRDA:132,3,0,0
BRDA:132,3,1,0
BRDA:143,4,0,0
BRDA:143,4,1,0
BRDA:168,5,0,0
BRDA:168,5,1,0
BRF:12
BRH:0
end_of_record
TN:
SF:src/screens/Profile/index.tsx
FN:7,Profile
FN:28,(anonymous_1)
FNF:2
FNH:1
FNDA:4,Profile
FNDA:0,(anonymous_1)
DA:8,4
LF:1
LH:1
BRF:0
BRH:0
end_of_record
TN:
SF:src/screens/Register/index.tsx
FN:35,Register
FN:55,handlTransactionTypeSelect
FN:59,handleCloseSelectCategory
FN:63,handleOpenSelectCategoryModal
FN:64,(anonymous_4)
FN:69,handleRegister
FN:137,(anonymous_6)
FN:143,(anonymous_7)
FNF:8
FNH:3
FNDA:2,Register
FNDA:0,handlTransactionTypeSelect
FNDA:0,handleCloseSelectCategory
FNDA:1,handleOpenSelectCategoryModal
FNDA:1,(anonymous_4)
FNDA:0,handleRegister
FNDA:0,(anonymous_6)
FNDA:0,(anonymous_7)
DA:27,1
DA:36,2
DA:37,2
DA:39,2
DA:40,2
DA:41,2
DA:51,2
DA:56,0
DA:60,0
DA:64,1
DA:65,1
DA:70,0
DA:71,0
DA:74,0
DA:75,0
DA:78,0
DA:87,0
DA:88,0
DA:89,0
DA:90,0
DA:92,0
DA:93,0
DA:95,0
DA:96,0
DA:97,0
DA:102,0
DA:104,0
DA:105,0
DA:109,2
DA:137,0
DA:143,0
LF:31
LH:10
BRDA:70,0,0,0
BRDA:70,0,1,0
BRDA:74,1,0,0
BRDA:74,1,1,0
BRDA:90,2,0,0
BRDA:90,2,1,0
BRDA:123,3,0,2
BRDA:123,3,1,0
BRDA:130,4,0,2
BRDA:130,4,1,0
BRF:10
BRH:2
end_of_record
TN:
SF:src/screens/Resume/index.tsx
FN:38,Resume
FN:46,handleDateChange
FN:56,loadData
FN:63,(anonymous_3)
FN:70,(anonymous_4)
FN:78,(anonymous_5)
FN:81,(anonymous_6)
FN:113,(anonymous_7)
FN:137,(anonymous_8)
FN:145,(anonymous_9)
FN:155,(anonymous_10)
FN:167,(anonymous_11)
FNF:12
FNH:0
FNDA:0,Resume
FNDA:0,handleDateChange
FNDA:0,loadData
FNDA:0,(anonymous_3)
FNDA:0,(anonymous_4)
FNDA:0,(anonymous_5)
FNDA:0,(anonymous_6)
FNDA:0,(anonymous_7)
FNDA:0,(anonymous_8)
FNDA:0,(anonymous_9)
FNDA:0,(anonymous_10)
FNDA:0,(anonymous_11)
DA:39,0
DA:40,0
DA:41,0
DA:42,0
DA:44,0
DA:47,0
DA:48,0
DA:49,0
DA:51,0
DA:52,0
DA:57,0
DA:58,0
DA:59,0
DA:60,0
DA:62,0
DA:64,0
DA:69,0
DA:71,0
DA:76,0
DA:78,0
DA:79,0
DA:81,0
DA:82,0
DA:83,0
DA:87,0
DA:88,0
DA:93,0
DA:94,0
DA:96,0
DA:108,0
DA:109,0
DA:112,0
DA:114,0
DA:118,0
DA:137,0
DA:145,0
DA:155,0
DA:168,0
LF:38
LH:0
BRDA:47,0,0,0
BRDA:47,0,1,0
BRDA:60,1,0,0
BRDA:60,1,1,0
BRDA:64,2,0,0
BRDA:64,2,1,0
BRDA:64,2,2,0
BRDA:82,3,0,0
BRDA:82,3,1,0
BRDA:87,4,0,0
BRDA:87,4,1,0
BRDA:124,5,0,0
BRDA:124,5,1,0
BRF:13
BRH:0
end_of_record
TN:
SF:src/screens/SignIn/index.tsx
FN:16,SignIn
FN:23,handleSignInGoogle
FN:34,handleSignInWithApple
FNF:3
FNH:0
FNDA:0,SignIn
FNDA:0,handleSignInGoogle
FNDA:0,handleSignInWithApple
DA:17,0
DA:19,0
DA:21,0
DA:24,0
DA:25,0
DA:26,0
DA:28,0
DA:29,0
DA:30,0
DA:35,0
DA:36,0
DA:37,0
DA:39,0
DA:41,0
DA:45,0
LF:15
LH:0
BRDA:69,0,0,0
BRDA:69,0,1,0
BRDA:77,1,0,0
BRDA:77,1,1,0
BRF:4
BRH:0
end_of_record
